[2020-01-19T09:37:36.126] [DEBUG] cheese - login => username:zs,password:123456
[2020-01-19T09:37:36.129] [DEBUG] cheese - zs
[2020-01-19T09:37:36.144] [DEBUG] cheese - null
[2020-01-19T09:37:36.144] [DEBUG] cheese - null
[2020-01-19T09:37:45.423] [DEBUG] cheese - login => username:admin,password:123456
[2020-01-19T09:37:45.423] [DEBUG] cheese - admin
[2020-01-19T09:37:45.432] [DEBUG] cheese - null
[2020-01-19T09:37:45.432] [DEBUG] cheese - null
[2020-01-19T14:58:49.600] [DEBUG] cheese - login => username:admin,password:123456
[2020-01-19T14:58:49.602] [DEBUG] cheese - admin
[2020-01-19T14:58:49.617] [DEBUG] cheese - null
[2020-01-19T14:58:49.618] [DEBUG] cheese - null
[2020-01-19T14:59:44.235] [DEBUG] cheese - login => username:admin,password:123456
[2020-01-19T14:59:44.235] [DEBUG] cheese - admin
[2020-01-19T14:59:44.238] [DEBUG] cheese - null
[2020-01-19T14:59:44.239] [DEBUG] cheese - null
[2020-01-19T15:17:42.569] [DEBUG] cheese - login => username:admin,password:123456
[2020-01-19T15:17:42.570] [DEBUG] cheese - admin
[2020-01-19T15:17:42.574] [DEBUG] cheese - null
[2020-01-19T15:17:42.574] [DEBUG] cheese - null
[2020-01-19T15:18:22.727] [DEBUG] cheese - login => username:admin,password:123456
[2020-01-19T15:18:22.727] [DEBUG] cheese - admin
[2020-01-19T15:18:22.729] [DEBUG] cheese - null
[2020-01-19T15:18:22.729] [DEBUG] cheese - null
[2020-01-19T15:18:26.210] [DEBUG] cheese - login => username:admin,password:123456
[2020-01-19T15:18:26.210] [DEBUG] cheese - admin
[2020-01-19T15:18:26.213] [DEBUG] cheese - null
[2020-01-19T15:18:26.213] [DEBUG] cheese - null
[2020-01-19T15:18:28.096] [DEBUG] cheese - login => username:admina,password:123456
[2020-01-19T15:18:28.096] [DEBUG] cheese - admina
[2020-01-19T15:18:28.098] [DEBUG] cheese - null
[2020-01-19T15:18:28.098] [DEBUG] cheese - null
[2020-01-19T15:25:07.169] [DEBUG] cheese - login => username:admin,password:123456
[2020-01-19T15:25:07.170] [DEBUG] cheese - admin
[2020-01-19T15:25:07.172] [DEBUG] cheese - null
[2020-01-19T15:25:07.173] [DEBUG] cheese - null
[2020-01-19T15:26:31.579] [DEBUG] cheese - login => username:admin,password:123456d
[2020-01-19T15:26:31.579] [DEBUG] cheese - admin
[2020-01-19T15:26:31.581] [DEBUG] cheese - null
[2020-01-19T15:26:31.581] [DEBUG] cheese - null
[2020-01-19T15:26:34.835] [DEBUG] cheese - login => username:admin,password:123456d
[2020-01-19T15:26:34.835] [DEBUG] cheese - admin
[2020-01-19T15:26:34.836] [DEBUG] cheese - null
[2020-01-19T15:26:34.837] [DEBUG] cheese - null
[2020-01-19T15:26:35.293] [DEBUG] cheese - login => username:admin,password:123456d
[2020-01-19T15:26:35.293] [DEBUG] cheese - admin
[2020-01-19T15:26:35.296] [DEBUG] cheese - null
[2020-01-19T15:26:35.296] [DEBUG] cheese - null
[2020-01-19T15:26:40.302] [DEBUG] cheese - login => username:admin,password:123456
[2020-01-19T15:26:40.302] [DEBUG] cheese - admin
[2020-01-19T15:26:40.304] [DEBUG] cheese - null
[2020-01-19T15:26:40.304] [DEBUG] cheese - null
[2020-01-19T15:28:41.289] [DEBUG] cheese - login => username:admin,password:123456
[2020-01-19T15:28:41.289] [DEBUG] cheese - admin
[2020-01-19T15:28:41.291] [DEBUG] cheese - null
[2020-01-19T15:28:41.291] [DEBUG] cheese - null
[2020-01-19T15:29:36.110] [DEBUG] cheese - login => username:admin,password:123456
[2020-01-19T15:29:36.110] [DEBUG] cheese - admin
[2020-01-19T15:29:36.113] [DEBUG] cheese - null
[2020-01-19T15:29:36.113] [DEBUG] cheese - null
[2020-01-19T15:30:03.885] [DEBUG] cheese - login => username:admin,password:123456
[2020-01-19T15:30:03.885] [DEBUG] cheese - admin
[2020-01-19T15:30:03.888] [DEBUG] cheese - null
[2020-01-19T15:30:03.888] [DEBUG] cheese - null
[2020-01-19T15:42:40.236] [DEBUG] cheese - login => username:admin,password:123456
[2020-01-19T15:42:40.236] [DEBUG] cheese - admin
[2020-01-19T15:42:40.239] [DEBUG] cheese - null
[2020-01-19T15:42:40.239] [DEBUG] cheese - null
[2020-01-19T16:03:47.994] [DEBUG] cheese - login => username:admin,password:123456
[2020-01-19T16:03:47.994] [DEBUG] cheese - admin
[2020-01-19T16:03:47.997] [DEBUG] cheese - null
[2020-01-19T16:03:47.997] [DEBUG] cheese - null
[2020-01-19T16:10:45.012] [DEBUG] cheese - login => username:admin,password:123456
[2020-01-19T16:10:45.012] [DEBUG] cheese - admin
[2020-01-19T16:10:45.016] [DEBUG] cheese - null
[2020-01-19T16:10:45.016] [DEBUG] cheese - null
[2020-01-19T16:11:53.433] [DEBUG] cheese - login => username:admin,password:123456
[2020-01-19T16:11:53.433] [DEBUG] cheese - admin
[2020-01-19T16:11:53.436] [DEBUG] cheese - null
[2020-01-19T16:11:53.436] [DEBUG] cheese - null
[2020-01-19T16:18:49.514] [DEBUG] cheese - login => username:admin,password:123456
[2020-01-19T16:18:49.514] [DEBUG] cheese - admin
[2020-01-19T16:18:49.516] [DEBUG] cheese - null
[2020-01-19T16:18:49.517] [DEBUG] cheese - null
[2020-01-19T16:28:16.679] [DEBUG] cheese - login => username:admin,password:123456
[2020-01-19T16:28:16.679] [DEBUG] cheese - admin
[2020-01-19T16:28:16.681] [DEBUG] cheese - null
[2020-01-19T16:28:16.681] [DEBUG] cheese - null
[2020-01-19T16:56:02.532] [DEBUG] cheese - login => username:admin,password:123456
[2020-01-19T16:56:02.533] [DEBUG] cheese - admin
[2020-01-19T16:56:02.536] [DEBUG] cheese - null
[2020-01-19T16:56:02.536] [DEBUG] cheese - null
[2020-01-19T17:21:38.815] [DEBUG] cheese - login => username:admin,password:123456
[2020-01-19T17:21:38.815] [DEBUG] cheese - admin
[2020-01-19T17:21:38.817] [DEBUG] cheese - null
[2020-01-19T17:21:38.817] [DEBUG] cheese - null
[2020-01-19T17:23:50.368] [DEBUG] cheese - login => username:admin,password:123456
[2020-01-19T17:23:50.369] [DEBUG] cheese - admin
[2020-01-19T17:23:50.371] [DEBUG] cheese - null
[2020-01-19T17:23:50.371] [DEBUG] cheese - null
[2020-01-19T17:24:24.053] [DEBUG] cheese - login => username:admin,password:123456
[2020-01-19T17:24:24.053] [DEBUG] cheese - admin
[2020-01-19T17:24:24.055] [DEBUG] cheese - null
[2020-01-19T17:24:24.055] [DEBUG] cheese - null
[2020-01-19T17:28:18.312] [DEBUG] cheese - login => username:admin,password:123456
[2020-01-19T17:28:18.312] [DEBUG] cheese - admin
[2020-01-19T17:28:18.315] [DEBUG] cheese - null
[2020-01-19T17:28:18.315] [DEBUG] cheese - null
[2020-01-19T17:44:37.466] [DEBUG] cheese - login => username:admin,password:123456
[2020-01-19T17:44:37.466] [DEBUG] cheese - admin
[2020-01-19T17:44:37.469] [DEBUG] cheese - null
[2020-01-19T17:44:37.469] [DEBUG] cheese - null
[2020-01-19T17:46:20.424] [DEBUG] cheese - login => username:admin,password:123456
[2020-01-19T17:46:20.424] [DEBUG] cheese - admin
[2020-01-19T17:46:20.428] [DEBUG] cheese - null
[2020-01-19T17:46:20.428] [DEBUG] cheese - null
[2020-01-19T21:53:47.644] [DEBUG] cheese - login => username:admin,password:123456
[2020-01-19T21:53:47.644] [DEBUG] cheese - admin
[2020-01-19T21:53:47.647] [DEBUG] cheese - null
[2020-01-19T21:53:47.647] [DEBUG] cheese - null
[2020-01-19T22:21:52.998] [DEBUG] cheese - login => username:admin,password:123456
[2020-01-19T22:21:52.998] [DEBUG] cheese - admin
[2020-01-19T22:21:53.001] [DEBUG] cheese - null
[2020-01-19T22:21:53.001] [DEBUG] cheese - null
[2020-01-19T23:08:34.335] [DEBUG] cheese - login => username:admin,password:123456
[2020-01-19T23:08:34.335] [DEBUG] cheese - admin
[2020-01-19T23:08:34.337] [DEBUG] cheese - null
[2020-01-19T23:08:34.337] [DEBUG] cheese - null
[2020-01-20T16:15:37.043] [DEBUG] cheese - login => username:admin,password:123456
[2020-01-20T16:15:37.045] [DEBUG] cheese - admin
[2020-01-20T16:15:37.055] [DEBUG] cheese - null
[2020-01-20T16:15:37.056] [DEBUG] cheese - null
[2020-01-20T16:40:51.810] [DEBUG] cheese - login => username:admin,password:123456
[2020-01-20T16:40:51.810] [DEBUG] cheese - admin
[2020-01-20T16:40:51.814] [DEBUG] cheese - null
[2020-01-20T16:40:51.814] [DEBUG] cheese - null
[2020-01-20T23:36:37.377] [DEBUG] cheese - login => username:admin,password:123456
[2020-01-20T23:36:37.378] [DEBUG] cheese - admin
[2020-01-20T23:36:37.380] [DEBUG] cheese - null
[2020-01-20T23:36:37.380] [DEBUG] cheese - null
[2020-01-21T15:57:20.945] [DEBUG] cheese - null
[2020-01-21T23:03:47.319] [DEBUG] cheese - login => username:admin,password:123456
[2020-01-21T23:03:47.320] [DEBUG] cheese - admin
[2020-01-21T23:03:47.323] [DEBUG] cheese - null
[2020-01-21T23:03:47.323] [DEBUG] cheese - null
[2020-01-23T20:44:20.582] [DEBUG] cheese - login => username:admin,password:123456
[2020-01-23T20:44:20.585] [DEBUG] cheese - admin
[2020-01-23T20:44:20.604] [DEBUG] cheese - null
[2020-01-23T20:44:20.605] [DEBUG] cheese - null
[2020-01-25T12:07:27.757] [DEBUG] cheese - login => username:admin,password:123456
[2020-01-25T12:07:27.758] [DEBUG] cheese - admin
[2020-01-25T12:07:27.868] [DEBUG] cheese - null
[2020-01-25T12:07:27.868] [DEBUG] cheese - null
[2020-01-25T17:55:09.328] [DEBUG] cheese - login => username:admin,password:123456
[2020-01-25T17:55:09.328] [DEBUG] cheese - admin
[2020-01-25T17:55:09.330] [DEBUG] cheese - null
[2020-01-25T17:55:09.330] [DEBUG] cheese - null
[2020-01-25T17:56:06.587] [DEBUG] cheese - login => username:admi,password:123456
[2020-01-25T17:56:06.588] [DEBUG] cheese - admi
[2020-01-25T17:56:06.589] [DEBUG] cheese - null
[2020-01-25T17:56:06.589] [DEBUG] cheese - null
[2020-01-25T17:56:10.552] [DEBUG] cheese - login => username:admin,password:123456
[2020-01-25T17:56:10.552] [DEBUG] cheese - admin
[2020-01-25T17:56:10.555] [DEBUG] cheese - null
[2020-01-25T17:56:10.555] [DEBUG] cheese - null
[2020-01-25T17:56:25.692] [DEBUG] cheese - login => username:linken,password:123456
[2020-01-25T17:56:25.692] [DEBUG] cheese - linken
[2020-01-25T17:56:25.695] [DEBUG] cheese - null
[2020-01-25T17:56:25.695] [DEBUG] cheese - null
[2020-01-25T17:56:33.086] [DEBUG] cheese - login => username:admin,password:123456
[2020-01-25T17:56:33.086] [DEBUG] cheese - admin
[2020-01-25T17:56:33.089] [DEBUG] cheese - null
[2020-01-25T17:56:33.089] [DEBUG] cheese - null
[2020-01-25T18:01:11.807] [DEBUG] cheese - login => username:auth,password:123456
[2020-01-25T18:01:11.807] [DEBUG] cheese - auth
[2020-01-25T18:01:11.809] [DEBUG] cheese - null
[2020-01-25T18:01:11.809] [DEBUG] cheese - null
[2020-01-25T18:01:21.331] [DEBUG] cheese - login => username:auth,password:123456
[2020-01-25T18:01:21.331] [DEBUG] cheese - auth
[2020-01-25T18:01:21.333] [DEBUG] cheese - null
[2020-01-25T18:01:21.333] [DEBUG] cheese - null
[2020-01-25T18:01:22.594] [DEBUG] cheese - login => username:admin,password:123456
[2020-01-25T18:01:22.594] [DEBUG] cheese - admin
[2020-01-25T18:01:22.596] [DEBUG] cheese - null
[2020-01-25T18:01:22.596] [DEBUG] cheese - null
[2020-01-25T18:01:46.719] [DEBUG] cheese - login => username:auth,password:123456
[2020-01-25T18:01:46.719] [DEBUG] cheese - auth
[2020-01-25T18:01:46.720] [DEBUG] cheese - null
[2020-01-25T18:01:46.720] [DEBUG] cheese - null
[2020-01-25T18:01:49.042] [DEBUG] cheese - null
[2020-01-25T18:01:49.045] [DEBUG] cheese - null
[2020-01-25T18:01:52.237] [DEBUG] cheese - null
[2020-01-25T18:01:52.238] [DEBUG] cheese - null
[2020-01-25T18:01:53.421] [DEBUG] cheese - null
[2020-01-25T18:01:53.424] [DEBUG] cheese - null
[2020-01-25T18:01:59.201] [DEBUG] cheese - login => username:admin,password:123456
[2020-01-25T18:01:59.201] [DEBUG] cheese - admin
[2020-01-25T18:01:59.202] [DEBUG] cheese - null
[2020-01-25T18:01:59.202] [DEBUG] cheese - null
[2020-01-26T13:07:24.764] [DEBUG] cheese - login => username:admin,password:123456
[2020-01-26T13:07:24.764] [DEBUG] cheese - admin
[2020-01-26T13:07:24.767] [DEBUG] cheese - null
[2020-01-26T13:07:24.767] [DEBUG] cheese - null
[2020-01-26T16:04:29.486] [DEBUG] cheese - login => username:admin,password:123456
[2020-01-26T16:04:29.486] [DEBUG] cheese - admin
[2020-01-26T16:04:29.592] [DEBUG] cheese - null
[2020-01-26T16:04:29.592] [DEBUG] cheese - null
[2020-01-26T17:42:27.771] [DEBUG] cheese - login => username:orders,password:123456
[2020-01-26T17:42:27.772] [DEBUG] cheese - orders
[2020-01-26T17:42:27.776] [DEBUG] cheese - null
[2020-01-26T17:42:27.776] [DEBUG] cheese - null
[2020-01-26T17:42:37.026] [DEBUG] cheese - login => username:admin,password:123456
[2020-01-26T17:42:37.026] [DEBUG] cheese - admin
[2020-01-26T17:42:37.031] [DEBUG] cheese - null
[2020-01-26T17:42:37.031] [DEBUG] cheese - null
[2020-01-26T17:42:51.967] [DEBUG] cheese - login => username:good,password:123456
[2020-01-26T17:42:51.967] [DEBUG] cheese - good
[2020-01-26T17:42:51.968] [DEBUG] cheese - null
[2020-01-26T17:42:51.969] [DEBUG] cheese - null
[2020-01-26T17:42:57.198] [DEBUG] cheese - login => username:good,password:123456
[2020-01-26T17:42:57.198] [DEBUG] cheese - good
[2020-01-26T17:42:57.202] [DEBUG] cheese - null
[2020-01-26T17:42:57.202] [DEBUG] cheese - null
[2020-01-26T17:43:03.117] [DEBUG] cheese - login => username:admin,password:123456
[2020-01-26T17:43:03.117] [DEBUG] cheese - admin
[2020-01-26T17:43:03.121] [DEBUG] cheese - null
[2020-01-26T17:43:03.121] [DEBUG] cheese - null
[2020-01-26T17:59:57.263] [DEBUG] cheese - login => username:linken,password:123456
[2020-01-26T17:59:57.263] [DEBUG] cheese - linken
[2020-01-26T17:59:57.266] [DEBUG] cheese - null
[2020-01-26T17:59:57.266] [DEBUG] cheese - null
[2020-01-26T17:59:59.567] [DEBUG] cheese - null
[2020-01-26T17:59:59.571] [DEBUG] cheese - null
[2020-01-26T18:00:00.669] [DEBUG] cheese - null
[2020-01-26T18:00:00.673] [DEBUG] cheese - null
[2020-01-26T18:00:01.722] [DEBUG] cheese - null
[2020-01-26T18:00:01.725] [DEBUG] cheese - null
[2020-01-26T18:00:12.566] [DEBUG] cheese - null
[2020-01-26T18:00:12.571] [DEBUG] cheese - null
[2020-01-26T18:00:13.701] [DEBUG] cheese - null
[2020-01-26T18:00:13.705] [DEBUG] cheese - null
[2020-01-26T18:00:20.653] [DEBUG] cheese - login => username:admin,password:123456
[2020-01-26T18:00:20.653] [DEBUG] cheese - admin
[2020-01-26T18:00:20.657] [DEBUG] cheese - null
[2020-01-26T18:00:20.657] [DEBUG] cheese - null
[2020-01-26T18:01:02.169] [DEBUG] cheese - login => username:admin,password:123456
[2020-01-26T18:01:02.169] [DEBUG] cheese - admin
[2020-01-26T18:01:02.174] [DEBUG] cheese - null
[2020-01-26T18:01:02.174] [DEBUG] cheese - null
[2020-01-26T18:01:11.646] [DEBUG] cheese - login => username:orders,password:123456
[2020-01-26T18:01:11.646] [DEBUG] cheese - orders
[2020-01-26T18:01:11.650] [DEBUG] cheese - null
[2020-01-26T18:01:11.650] [DEBUG] cheese - null
[2020-01-26T18:01:12.416] [DEBUG] cheese - login => username:orders,password:123456
[2020-01-26T18:01:12.416] [DEBUG] cheese - orders
[2020-01-26T18:01:12.421] [DEBUG] cheese - null
[2020-01-26T18:01:12.421] [DEBUG] cheese - null
[2020-01-26T18:01:12.616] [DEBUG] cheese - login => username:orders,password:123456
[2020-01-26T18:01:12.617] [DEBUG] cheese - orders
[2020-01-26T18:01:12.620] [DEBUG] cheese - null
[2020-01-26T18:01:12.621] [DEBUG] cheese - null
[2020-01-26T18:01:15.327] [DEBUG] cheese - login => username:admin,password:123456
[2020-01-26T18:01:15.327] [DEBUG] cheese - admin
[2020-01-26T18:01:15.331] [DEBUG] cheese - null
[2020-01-26T18:01:15.331] [DEBUG] cheese - null
[2020-01-26T22:01:29.107] [DEBUG] cheese - login => username:admin,password:123456
[2020-01-26T22:01:29.107] [DEBUG] cheese - admin
[2020-01-26T22:01:29.113] [DEBUG] cheese - null
[2020-01-26T22:01:29.113] [DEBUG] cheese - null
[2020-01-28T09:54:49.669] [DEBUG] cheese - login => username:admin,password:123456
[2020-01-28T09:54:49.671] [DEBUG] cheese - admin
[2020-01-28T09:54:49.689] [DEBUG] cheese - null
[2020-01-28T09:54:49.690] [DEBUG] cheese - null
[2020-01-28T09:59:40.428] [DEBUG] cheese - login => username:admin,password:123456
[2020-01-28T09:59:40.428] [DEBUG] cheese - admin
[2020-01-28T09:59:40.431] [DEBUG] cheese - null
[2020-01-28T09:59:40.431] [DEBUG] cheese - null
[2020-01-28T12:56:54.555] [DEBUG] cheese - login => username:admin,password:123456
[2020-01-28T12:56:54.555] [DEBUG] cheese - admin
[2020-01-28T12:56:54.558] [DEBUG] cheese - null
[2020-01-28T12:56:54.558] [DEBUG] cheese - null
[2020-01-29T14:09:05.931] [DEBUG] cheese - login => username:admin,password:123456
[2020-01-29T14:09:05.931] [DEBUG] cheese - admin
[2020-01-29T14:09:05.987] [DEBUG] cheese - null
[2020-01-29T14:09:05.987] [DEBUG] cheese - null
[2020-01-30T13:06:03.979] [DEBUG] cheese - login => username:admin,password:123456
[2020-01-30T13:06:03.981] [DEBUG] cheese - admin
[2020-01-30T13:06:03.998] [DEBUG] cheese - null
[2020-01-30T13:06:03.999] [DEBUG] cheese - null
[2020-01-31T15:04:41.057] [DEBUG] cheese - login => username:admin,password:123456
[2020-01-31T15:04:41.059] [DEBUG] cheese - admin
[2020-01-31T15:04:41.091] [DEBUG] cheese - null
[2020-01-31T15:04:41.091] [DEBUG] cheese - null
[2020-01-31T15:16:39.226] [DEBUG] cheese - login => username:admin,password:123456
[2020-01-31T15:16:39.226] [DEBUG] cheese - admin
[2020-01-31T15:16:39.230] [DEBUG] cheese - null
[2020-01-31T15:16:39.230] [DEBUG] cheese - null
[2020-01-31T15:16:57.411] [DEBUG] cheese - login => username:admin,password:123456
[2020-01-31T15:16:57.412] [DEBUG] cheese - admin
[2020-01-31T15:16:57.416] [DEBUG] cheese - null
[2020-01-31T15:16:57.416] [DEBUG] cheese - null
[2020-01-31T16:45:49.514] [DEBUG] cheese - null
[2020-02-01T15:19:52.934] [DEBUG] cheese - login => username:admin,password:123456
[2020-02-01T15:19:52.934] [DEBUG] cheese - admin
[2020-02-01T15:19:52.943] [DEBUG] cheese - null
[2020-02-01T15:19:52.943] [DEBUG] cheese - null
[2020-02-02T10:55:43.884] [DEBUG] cheese - login => username:admin,password:123456
[2020-02-02T10:55:43.884] [DEBUG] cheese - admin
[2020-02-02T10:55:43.887] [DEBUG] cheese - null
[2020-02-02T10:55:43.887] [DEBUG] cheese - null
[2020-02-02T12:23:43.455] [DEBUG] cheese - login => username:admin,password:123456
[2020-02-02T12:23:43.458] [DEBUG] cheese - admin
[2020-02-02T12:23:43.478] [DEBUG] cheese - null
[2020-02-02T12:23:43.478] [DEBUG] cheese - null
[2020-02-02T12:25:57.106] [DEBUG] cheese - login => username:admin,password:123456
[2020-02-02T12:25:57.106] [DEBUG] cheese - admin
[2020-02-02T12:25:57.112] [DEBUG] cheese - null
[2020-02-02T12:25:57.112] [DEBUG] cheese - null
[2020-02-02T12:27:41.624] [DEBUG] cheese - login => username:admin,password:123456
[2020-02-02T12:27:41.624] [DEBUG] cheese - admin
[2020-02-02T12:27:41.630] [DEBUG] cheese - null
[2020-02-02T12:27:41.630] [DEBUG] cheese - null
[2020-02-02T12:28:10.566] [DEBUG] cheese - login => username:admin5,password:123456
[2020-02-02T12:28:10.566] [DEBUG] cheese - admin5
[2020-02-02T12:28:10.570] [DEBUG] cheese - null
[2020-02-02T12:28:10.571] [DEBUG] cheese - null
[2020-02-02T12:28:31.941] [DEBUG] cheese - login => username:admin,password:123456
[2020-02-02T12:28:31.941] [DEBUG] cheese - admin
[2020-02-02T12:28:31.946] [DEBUG] cheese - null
[2020-02-02T12:28:31.946] [DEBUG] cheese - null
[2020-02-02T12:40:46.618] [DEBUG] cheese - login => username:admin,password:123456
[2020-02-02T12:40:46.619] [DEBUG] cheese - admin
[2020-02-02T12:40:46.622] [DEBUG] cheese - null
[2020-02-02T12:40:46.622] [DEBUG] cheese - null
[2020-02-02T12:47:25.040] [DEBUG] cheese - login => username:admin,password:123456
[2020-02-02T12:47:25.040] [DEBUG] cheese - admin
[2020-02-02T12:47:25.043] [DEBUG] cheese - null
[2020-02-02T12:47:25.043] [DEBUG] cheese - null
[2020-02-02T12:59:06.747] [DEBUG] cheese - login => username:admin,password:123456
[2020-02-02T12:59:06.750] [DEBUG] cheese - admin
[2020-02-02T12:59:06.762] [DEBUG] cheese - null
[2020-02-02T12:59:06.762] [DEBUG] cheese - null
[2020-02-02T13:42:31.266] [DEBUG] cheese - login => username:admin,password:123456
[2020-02-02T13:42:31.266] [DEBUG] cheese - admin
[2020-02-02T13:42:31.272] [DEBUG] cheese - null
[2020-02-02T13:42:31.273] [DEBUG] cheese - null
[2020-02-02T13:42:52.236] [DEBUG] cheese - login => username:admin,password:123456
[2020-02-02T13:42:52.237] [DEBUG] cheese - admin
[2020-02-02T13:42:52.241] [DEBUG] cheese - null
[2020-02-02T13:42:52.241] [DEBUG] cheese - null
[2020-02-02T13:43:22.373] [DEBUG] cheese - login => username:admin,password:123456
[2020-02-02T13:43:22.373] [DEBUG] cheese - admin
[2020-02-02T13:43:22.381] [DEBUG] cheese - null
[2020-02-02T13:43:22.382] [DEBUG] cheese - null
[2020-02-02T13:57:57.669] [DEBUG] cheese - login => username:admin,password:123456
[2020-02-02T13:57:57.669] [DEBUG] cheese - admin
[2020-02-02T13:57:57.675] [DEBUG] cheese - null
[2020-02-02T13:57:57.675] [DEBUG] cheese - null
[2020-02-02T14:01:00.834] [DEBUG] cheese - login => username:admin,password:123456
[2020-02-02T14:01:00.836] [DEBUG] cheese - admin
[2020-02-02T14:01:00.875] [DEBUG] cheese - null
[2020-02-02T14:01:00.876] [DEBUG] cheese - null
[2020-02-02T14:28:33.260] [DEBUG] cheese - login => username:admin,password:123456
[2020-02-02T14:28:33.260] [DEBUG] cheese - admin
[2020-02-02T14:28:33.263] [DEBUG] cheese - null
[2020-02-02T14:28:33.263] [DEBUG] cheese - null
[2020-02-02T14:35:49.467] [DEBUG] cheese - login => username:admin,password:123456
[2020-02-02T14:35:49.467] [DEBUG] cheese - admin
[2020-02-02T14:35:49.470] [DEBUG] cheese - null
[2020-02-02T14:35:49.470] [DEBUG] cheese - null
[2020-02-02T15:29:21.354] [DEBUG] cheese - login => username:admin,password:123456
[2020-02-02T15:29:21.354] [DEBUG] cheese - admin
[2020-02-02T15:29:21.363] [DEBUG] cheese - null
[2020-02-02T15:29:21.363] [DEBUG] cheese - null
[2020-02-02T15:34:42.350] [DEBUG] cheese - login => username:admin,password:123456
[2020-02-02T15:34:42.350] [DEBUG] cheese - admin
[2020-02-02T15:34:42.352] [DEBUG] cheese - null
[2020-02-02T15:34:42.353] [DEBUG] cheese - null
[2020-02-02T16:01:32.433] [DEBUG] cheese - login => username:admin,password:123456
[2020-02-02T16:01:32.433] [DEBUG] cheese - admin
[2020-02-02T16:01:32.435] [DEBUG] cheese - null
[2020-02-02T16:01:32.435] [DEBUG] cheese - null
[2020-02-02T16:11:20.413] [DEBUG] cheese - login => username:admin,password:123456
[2020-02-02T16:11:20.413] [DEBUG] cheese - admin
[2020-02-02T16:11:20.414] [DEBUG] cheese - null
[2020-02-02T16:11:20.414] [DEBUG] cheese - null
[2020-02-05T13:54:07.684] [DEBUG] cheese - login => username:admin,password:123456
[2020-02-05T13:54:07.685] [DEBUG] cheese - admin
[2020-02-05T13:54:07.719] [DEBUG] cheese - null
[2020-02-05T13:54:07.719] [DEBUG] cheese - null
[2020-02-14T17:01:46.873] [DEBUG] cheese - login => username:admin,password:123456
[2020-02-14T17:01:46.876] [DEBUG] cheese - admin
[2020-02-14T17:01:46.900] [DEBUG] cheese - null
[2020-02-14T17:01:46.901] [DEBUG] cheese - null
[2020-02-14T17:50:21.591] [DEBUG] cheese - login => username:admin,password:123456
[2020-02-14T17:50:21.594] [DEBUG] cheese - admin
[2020-02-14T17:50:21.604] [DEBUG] cheese - null
[2020-02-14T17:50:21.604] [DEBUG] cheese - null
[2020-02-14T17:51:46.243] [DEBUG] cheese - login => username:report,password:123456
[2020-02-14T17:51:46.244] [DEBUG] cheese - report
[2020-02-14T17:51:46.247] [DEBUG] cheese - null
[2020-02-14T17:51:46.247] [DEBUG] cheese - null
[2020-02-14T17:51:51.927] [DEBUG] cheese - login => username:admin,password:123456
[2020-02-14T17:51:51.928] [DEBUG] cheese - admin
[2020-02-14T17:51:51.930] [DEBUG] cheese - null
[2020-02-14T17:51:51.930] [DEBUG] cheese - null
[2020-02-14T17:53:05.427] [DEBUG] cheese - login => username:author,password:123456
[2020-02-14T17:53:05.427] [DEBUG] cheese - author
[2020-02-14T17:53:05.429] [DEBUG] cheese - null
[2020-02-14T17:53:05.429] [DEBUG] cheese - null
[2020-02-14T17:53:07.947] [DEBUG] cheese - null
[2020-02-14T17:53:07.949] [DEBUG] cheese - null
[2020-02-14T17:53:13.294] [DEBUG] cheese - null
[2020-02-14T17:53:13.296] [DEBUG] cheese - null
[2020-02-14T17:53:14.599] [DEBUG] cheese - null
[2020-02-14T17:53:14.601] [DEBUG] cheese - null
[2020-02-14T17:53:23.043] [DEBUG] cheese - login => username:admin,password:123456
[2020-02-14T17:53:23.043] [DEBUG] cheese - admin
[2020-02-14T17:53:23.045] [DEBUG] cheese - null
[2020-02-14T17:53:23.045] [DEBUG] cheese - null
[2020-02-15T13:35:26.258] [DEBUG] cheese - login => username:admin,password:123456
[2020-02-15T13:35:26.259] [DEBUG] cheese - admin
[2020-02-15T13:35:26.261] [DEBUG] cheese - null
[2020-02-15T13:35:26.261] [DEBUG] cheese - null
[2020-02-16T12:38:14.875] [DEBUG] cheese - login => username:admin,password:123456
[2020-02-16T12:38:14.875] [DEBUG] cheese - admin
[2020-02-16T12:38:14.885] [DEBUG] cheese - null
[2020-02-16T12:38:14.885] [DEBUG] cheese - null
[2020-02-19T12:23:52.880] [DEBUG] cheese - login => username:admin,password:123456
[2020-02-19T12:23:52.880] [DEBUG] cheese - admin
[2020-02-19T12:23:52.886] [DEBUG] cheese - null
[2020-02-19T12:23:52.887] [DEBUG] cheese - null
[2020-02-19T12:26:17.173] [DEBUG] cheese - login => username:admin,password:123456
[2020-02-19T12:26:17.173] [DEBUG] cheese - admin
[2020-02-19T12:26:17.176] [DEBUG] cheese - null
[2020-02-19T12:26:17.176] [DEBUG] cheese - null
[2020-02-19T12:27:14.420] [DEBUG] cheese - login => username:admin,password:123456
[2020-02-19T12:27:14.420] [DEBUG] cheese - admin
[2020-02-19T12:27:14.422] [DEBUG] cheese - null
[2020-02-19T12:27:14.423] [DEBUG] cheese - null
[2020-02-25T03:10:46.626] [DEBUG] cheese - login => username:admin,password:123456
[2020-02-25T03:10:46.629] [DEBUG] cheese - admin
[2020-02-25T03:10:46.663] [DEBUG] cheese - null
[2020-02-25T03:10:46.663] [DEBUG] cheese - null
[2020-02-25T03:12:31.943] [DEBUG] cheese - login => username:goods,password:123456
[2020-02-25T03:12:31.943] [DEBUG] cheese - goods
[2020-02-25T03:12:31.945] [DEBUG] cheese - null
[2020-02-25T03:12:31.945] [DEBUG] cheese - null
[2020-02-25T03:12:34.412] [DEBUG] cheese - login => username:admin,password:123456
[2020-02-25T03:12:34.412] [DEBUG] cheese - admin
[2020-02-25T03:12:34.415] [DEBUG] cheese - null
[2020-02-25T03:12:34.415] [DEBUG] cheese - null
[2020-02-25T03:12:53.832] [DEBUG] cheese - login => username:good,password:123456
[2020-02-25T03:12:53.832] [DEBUG] cheese - good
[2020-02-25T03:12:53.835] [DEBUG] cheese - null
[2020-02-25T03:12:53.835] [DEBUG] cheese - null
[2020-02-25T03:13:04.899] [DEBUG] cheese - login => username:goods,password:123456
[2020-02-25T03:13:04.899] [DEBUG] cheese - goods
[2020-02-25T03:13:04.901] [DEBUG] cheese - null
[2020-02-25T03:13:04.901] [DEBUG] cheese - null
[2020-02-25T03:13:08.296] [DEBUG] cheese - null
[2020-02-25T03:13:08.298] [DEBUG] cheese - null
[2020-02-25T03:13:24.035] [DEBUG] cheese - null
[2020-02-25T03:13:24.038] [DEBUG] cheese - null
[2020-02-25T03:13:28.201] [DEBUG] cheese - null
[2020-02-25T03:13:28.203] [DEBUG] cheese - null
[2020-02-25T03:13:51.407] [DEBUG] cheese - null
[2020-02-25T03:13:51.410] [DEBUG] cheese - null
[2020-02-25T03:13:56.478] [DEBUG] cheese - null
[2020-02-25T03:13:56.480] [DEBUG] cheese - null
[2020-02-25T03:13:59.727] [DEBUG] cheese - null
[2020-02-25T03:13:59.729] [DEBUG] cheese - null
[2020-02-25T03:14:04.221] [DEBUG] cheese - null
[2020-02-25T03:14:04.224] [DEBUG] cheese - null
[2020-02-25T03:14:04.272] [DEBUG] cheese - null
[2020-02-25T03:14:04.273] [DEBUG] cheese - null
[2020-02-25T03:14:12.593] [DEBUG] cheese - login => username:goods,password:123456
[2020-02-25T03:14:12.593] [DEBUG] cheese - goods
[2020-02-25T03:14:12.596] [DEBUG] cheese - null
[2020-02-25T03:14:12.596] [DEBUG] cheese - null
[2020-02-25T03:14:15.186] [DEBUG] cheese - null
[2020-02-25T03:14:15.188] [DEBUG] cheese - null
[2020-02-25T03:14:16.064] [DEBUG] cheese - null
[2020-02-25T03:14:16.065] [DEBUG] cheese - null
[2020-02-25T03:14:17.239] [DEBUG] cheese - null
[2020-02-25T03:14:17.241] [DEBUG] cheese - null
[2020-02-25T03:14:23.251] [DEBUG] cheese - login => username:admin,password:123456
[2020-02-25T03:14:23.251] [DEBUG] cheese - admin
[2020-02-25T03:14:23.253] [DEBUG] cheese - null
[2020-02-25T03:14:23.253] [DEBUG] cheese - null
[2020-02-25T03:16:13.919] [DEBUG] cheese - login => username:goods,password:123456
[2020-02-25T03:16:13.919] [DEBUG] cheese - goods
[2020-02-25T03:16:13.920] [DEBUG] cheese - null
[2020-02-25T03:16:13.921] [DEBUG] cheese - null
[2020-02-25T03:16:17.235] [DEBUG] cheese - null
[2020-02-25T03:16:17.236] [DEBUG] cheese - null
[2020-02-25T03:16:20.234] [DEBUG] cheese - null
[2020-02-25T03:16:20.239] [DEBUG] cheese - null
[2020-02-25T03:16:21.420] [DEBUG] cheese - null
[2020-02-25T03:16:21.427] [DEBUG] cheese - null
[2020-02-25T03:16:28.501] [DEBUG] cheese - login => username:admin,password:123456
[2020-02-25T03:16:28.502] [DEBUG] cheese - admin
[2020-02-25T03:16:28.513] [DEBUG] cheese - null
[2020-02-25T03:16:28.513] [DEBUG] cheese - null
[2020-02-25T03:23:35.712] [DEBUG] cheese - login => username:admin,password:123456
[2020-02-25T03:23:35.712] [DEBUG] cheese - admin
[2020-02-25T03:23:35.715] [DEBUG] cheese - null
[2020-02-25T03:23:35.715] [DEBUG] cheese - null
[2020-02-25T03:25:38.822] [DEBUG] cheese - null
[2020-02-25T03:26:05.449] [DEBUG] cheese - login => username:linken,password:123456
[2020-02-25T03:26:05.450] [DEBUG] cheese - linken
[2020-02-25T03:26:05.451] [DEBUG] cheese - null
[2020-02-25T03:26:05.451] [DEBUG] cheese - null
[2020-02-25T03:26:07.914] [DEBUG] cheese - null
[2020-02-25T03:26:12.458] [DEBUG] cheese - null
[2020-02-25T03:26:18.375] [DEBUG] cheese - null
[2020-02-25T03:26:18.377] [DEBUG] cheese - null
[2020-02-25T03:26:21.334] [DEBUG] cheese - null
[2020-02-25T03:26:21.335] [DEBUG] cheese - null
[2020-02-25T03:26:22.151] [DEBUG] cheese - null
[2020-02-25T03:26:22.153] [DEBUG] cheese - null
[2020-02-25T03:26:22.799] [DEBUG] cheese - null
[2020-02-25T03:26:22.801] [DEBUG] cheese - null
[2020-02-25T03:26:25.970] [DEBUG] cheese - login => username:admin,password:123456
[2020-02-25T03:26:25.970] [DEBUG] cheese - admin
[2020-02-25T03:26:25.972] [DEBUG] cheese - null
[2020-02-25T03:26:25.972] [DEBUG] cheese - null
[2020-02-25T03:44:58.658] [DEBUG] cheese - login => username:admin,password:123456
[2020-02-25T03:44:58.658] [DEBUG] cheese - admin
[2020-02-25T03:44:58.660] [DEBUG] cheese - null
[2020-02-25T03:44:58.660] [DEBUG] cheese - null
[2020-02-25T09:35:09.360] [DEBUG] cheese - login => username:admin,password:123456
[2020-02-25T09:35:09.360] [DEBUG] cheese - admin
[2020-02-25T09:35:09.361] [DEBUG] cheese - null
[2020-02-25T09:35:09.361] [DEBUG] cheese - null
[2020-02-25T09:35:20.332] [DEBUG] cheese - login => username:goods,password:123456
[2020-02-25T09:35:20.333] [DEBUG] cheese - goods
[2020-02-25T09:35:20.335] [DEBUG] cheese - null
[2020-02-25T09:35:20.335] [DEBUG] cheese - null
[2020-02-25T09:35:22.817] [DEBUG] cheese - null
[2020-02-25T09:35:22.819] [DEBUG] cheese - null
[2020-02-25T09:35:23.402] [DEBUG] cheese - null
[2020-02-25T09:35:23.404] [DEBUG] cheese - null
[2020-02-25T09:35:31.430] [DEBUG] cheese - login => username:author,password:123456
[2020-02-25T09:35:31.430] [DEBUG] cheese - author
[2020-02-25T09:35:31.432] [DEBUG] cheese - null
[2020-02-25T09:35:31.432] [DEBUG] cheese - null
[2020-02-25T09:35:33.625] [DEBUG] cheese - null
[2020-02-25T09:35:33.626] [DEBUG] cheese - null
[2020-02-25T09:35:34.109] [DEBUG] cheese - null
[2020-02-25T09:35:34.110] [DEBUG] cheese - null
[2020-02-25T09:36:07.230] [DEBUG] cheese - login => username:admin,password:123456
[2020-02-25T09:36:07.230] [DEBUG] cheese - admin
[2020-02-25T09:36:07.233] [DEBUG] cheese - null
[2020-02-25T09:36:07.233] [DEBUG] cheese - null
[2020-02-25T09:36:57.448] [DEBUG] cheese - login => username:test,password:123456
[2020-02-25T09:36:57.448] [DEBUG] cheese - test
[2020-02-25T09:36:57.450] [DEBUG] cheese - null
[2020-02-25T09:36:57.451] [DEBUG] cheese - null
[2020-02-25T09:36:59.390] [DEBUG] cheese - login => username:admin,password:123456
[2020-02-25T09:36:59.390] [DEBUG] cheese - admin
[2020-02-25T09:36:59.392] [DEBUG] cheese - null
[2020-02-25T09:36:59.392] [DEBUG] cheese - null
[2020-02-25T09:37:20.461] [DEBUG] cheese - login => username:test,password:123456
[2020-02-25T09:37:20.461] [DEBUG] cheese - test
[2020-02-25T09:37:20.463] [DEBUG] cheese - null
[2020-02-25T09:37:20.463] [DEBUG] cheese - null
[2020-02-25T09:37:22.733] [DEBUG] cheese - null
[2020-02-25T09:37:22.734] [DEBUG] cheese - null
[2020-02-25T09:37:26.423] [DEBUG] cheese - login => username:admin,password:123456
[2020-02-25T09:37:26.424] [DEBUG] cheese - admin
[2020-02-25T09:37:26.425] [DEBUG] cheese - null
[2020-02-25T09:37:26.425] [DEBUG] cheese - null
[2020-02-25T09:37:34.639] [DEBUG] cheese - null
[2020-02-25T09:37:38.764] [DEBUG] cheese - null
[2020-02-25T09:37:44.419] [DEBUG] cheese - login => username:test,password:123456
[2020-02-25T09:37:44.419] [DEBUG] cheese - test
[2020-02-25T09:37:44.422] [DEBUG] cheese - null
[2020-02-25T09:37:44.422] [DEBUG] cheese - null
[2020-02-25T09:52:10.526] [DEBUG] cheese - null
[2020-02-25T09:52:10.528] [DEBUG] cheese - null
[2020-02-25T09:52:11.905] [DEBUG] cheese - null
[2020-02-25T09:52:11.906] [DEBUG] cheese - null
[2020-02-25T09:52:13.187] [DEBUG] cheese - null
[2020-02-25T09:52:13.189] [DEBUG] cheese - null
[2020-02-25T09:52:15.056] [DEBUG] cheese - null
[2020-02-25T09:52:15.057] [DEBUG] cheese - null
[2020-02-25T09:52:25.023] [DEBUG] cheese - null
[2020-02-25T09:52:25.024] [DEBUG] cheese - null
[2020-02-25T09:52:26.311] [DEBUG] cheese - null
[2020-02-25T09:52:26.312] [DEBUG] cheese - null
[2020-03-08T23:33:06.424] [DEBUG] cheese - login => username:admin,password:123456
[2020-03-08T23:33:06.428] [DEBUG] cheese - admin
[2020-03-08T23:33:06.483] [DEBUG] cheese - null
[2020-03-08T23:33:06.484] [DEBUG] cheese - null
[2020-03-08T23:33:18.033] [DEBUG] cheese - login => username:admin,password:123456
[2020-03-08T23:33:18.033] [DEBUG] cheese - admin
[2020-03-08T23:33:18.039] [DEBUG] cheese - null
[2020-03-08T23:33:18.039] [DEBUG] cheese - null
[2023-04-09T01:43:23.904] [DEBUG] cheese - login => username:zs,password:123456
[2023-04-09T01:43:23.986] [DEBUG] cheese - zs
[2023-04-09T01:43:24.006] [DEBUG] cheese - null
[2023-04-09T01:43:24.007] [DEBUG] cheese - null
[2023-04-09T01:44:08.856] [DEBUG] cheese - login => username:admin,password:123456
[2023-04-09T01:44:08.856] [DEBUG] cheese - admin
[2023-04-09T01:44:08.860] [DEBUG] cheese - null
[2023-04-09T01:44:08.861] [DEBUG] cheese - null
[2023-04-09T19:47:44.755] [DEBUG] cheese - login => username:admin,password:123456
[2023-04-09T19:47:44.756] [DEBUG] cheese - admin
[2023-04-09T19:47:44.990] [DEBUG] cheese - null
[2023-04-09T19:47:44.990] [DEBUG] cheese - null
[2023-04-09T19:50:51.141] [DEBUG] cheese - login => username:admin,password:123456
[2023-04-09T19:50:51.141] [DEBUG] cheese - admin
[2023-04-09T19:50:51.148] [DEBUG] cheese - null
[2023-04-09T19:50:51.149] [DEBUG] cheese - null
[2023-04-09T20:24:41.567] [DEBUG] cheese - login => username:admin,password:123456
[2023-04-09T20:24:41.567] [DEBUG] cheese - admin
[2023-04-09T20:24:41.573] [DEBUG] cheese - null
[2023-04-09T20:24:41.573] [DEBUG] cheese - null
[2023-04-09T21:10:54.131] [DEBUG] cheese - login => username:admin,password:123456
[2023-04-09T21:10:54.131] [DEBUG] cheese - admin
[2023-04-09T21:10:54.141] [DEBUG] cheese - null
[2023-04-09T21:10:54.141] [DEBUG] cheese - null
[2023-04-09T21:33:42.167] [DEBUG] cheese - login => username:admin,password:PODGMKbnERbL9KkcOQ69v77u31KSBAqLEeYUFz5C+DpLMqnI8Hb2MlbrjfgZ3yD+SCq2OgMNeFN95DeLnm1wnw==
[2023-04-09T21:33:42.167] [DEBUG] cheese - admin
[2023-04-09T21:33:42.167] [DEBUG] cheese - null
[2023-04-09T21:33:42.167] [DEBUG] cheese - null
[2023-04-09T21:33:51.166] [DEBUG] cheese - login => username:admin,password:bqxCyzIT8RDruxfJEdtyScUF3h9oOvHNnvdeLbYhN/EGZMXDycGaJguE4pAzTsvaUEz4PCDlaA46Z5+iRWUBHg==
[2023-04-09T21:33:51.166] [DEBUG] cheese - admin
[2023-04-09T21:33:51.166] [DEBUG] cheese - null
[2023-04-09T21:33:51.166] [DEBUG] cheese - null
[2023-04-09T21:33:59.416] [DEBUG] cheese - login => username:admin,password:d/nCJOPdMmqiUPS7Oc+hojLwfUq1SRGCuEzBMIwW26Air7uuQm8FaD9PgxThJwg6dQmeu8eZEZyWAWMlgCTE8w==
[2023-04-09T21:33:59.416] [DEBUG] cheese - admin
[2023-04-09T21:33:59.416] [DEBUG] cheese - null
[2023-04-09T21:33:59.416] [DEBUG] cheese - null
[2023-04-09T21:34:12.298] [DEBUG] cheese - login => username:admin,password:RJsBqXgc1WMzhAufVm4mNIEue6jK4w2+usNWpZBHnyB4T+vj1BrQZHfkP0DhZP7xHFnDQli36NcsdMqoRyR5CA==
[2023-04-09T21:34:12.298] [DEBUG] cheese - admin
[2023-04-09T21:34:12.300] [DEBUG] cheese - null
[2023-04-09T21:34:12.300] [DEBUG] cheese - null
[2023-04-09T21:34:34.353] [DEBUG] cheese - login => username:admin,password:GBk42Vp1SEH1WNqGHWlRFnvbVJJke/gGfvCsMq9BX5klPH0U3RFKJ/i37W0bqwV+61pjchqXl0N/m2FLHUsgEA==
[2023-04-09T21:34:34.353] [DEBUG] cheese - admin
[2023-04-09T21:34:34.353] [DEBUG] cheese - null
[2023-04-09T21:34:34.353] [DEBUG] cheese - null
[2023-04-09T21:35:19.158] [DEBUG] cheese - login => username:admin,password:gr8ZosiY11u0Pr7lNpfA2/qaGVu4bID5ucpIiIOdBuo66z2u11Y8QB4cPnEEcf95jtZr1DVbmU3kcQMOwYVHHw==
[2023-04-09T21:35:19.158] [DEBUG] cheese - admin
[2023-04-09T21:35:19.166] [DEBUG] cheese - null
[2023-04-09T21:35:19.166] [DEBUG] cheese - null
[2023-04-09T21:35:32.517] [DEBUG] cheese - login => username:admin,password:JBtuAGzQhakGYjCVlgDGuLQ4OcbsoMS8aoXLVwQoCWmzqsCWqmNaGj+z5OAeHANqd8KiYSeSf38kERUXiip8Fw==
[2023-04-09T21:35:32.517] [DEBUG] cheese - admin
[2023-04-09T21:35:32.519] [DEBUG] cheese - null
[2023-04-09T21:35:32.519] [DEBUG] cheese - null
[2023-04-09T21:36:37.286] [DEBUG] cheese - login => username:admin,password:MtnJc+OHvZjzSg3b9aXBsZuKi8juYMdXuCaXINqN9lGgFaaejFRwvH0A57swSCqE54FM1etDcmB4NXoF3yphag==
[2023-04-09T21:36:37.286] [DEBUG] cheese - admin
[2023-04-09T21:36:37.287] [DEBUG] cheese - null
[2023-04-09T21:36:37.287] [DEBUG] cheese - null
[2023-04-09T21:36:39.121] [DEBUG] cheese - login => username:admin,password:CTrR2UfLfr51TJIkGVxIoSq/AN0bTLngtfqyAea5mmlarPc9xlte+cEkMp8YSckz7hXLqWOUAp3fCIY326MjGQ==
[2023-04-09T21:36:39.121] [DEBUG] cheese - admin
[2023-04-09T21:36:39.123] [DEBUG] cheese - null
[2023-04-09T21:36:39.123] [DEBUG] cheese - null
[2023-04-09T21:36:40.932] [DEBUG] cheese - login => username:admin,password:NwPv3c2qO6DVk0uob9mrgalorEd2tRBSpGSXMmAiv8RXl6IE5KzSPAVr208Kq8WGNHRzUFQU7IyDTs8+qfUvvw==
[2023-04-09T21:36:40.932] [DEBUG] cheese - admin
[2023-04-09T21:36:40.933] [DEBUG] cheese - null
[2023-04-09T21:36:40.933] [DEBUG] cheese - null
[2023-04-09T21:41:57.704] [DEBUG] cheese - login => username:admin,password:vy0iodYHwGO07XiDh+oiHAWvFWUcwaM/3igw9QAfCeXGldXyV0q2hUz29F8uiINfDOxgq0VCayDyZhcgn60yhA==
[2023-04-09T21:41:57.704] [DEBUG] cheese - admin
[2023-04-09T21:41:57.712] [DEBUG] cheese - null
[2023-04-09T21:41:57.712] [DEBUG] cheese - null
[2023-04-09T21:42:22.102] [DEBUG] cheese - login => username:admin,password:pUJmoaOhxILqIgdLNjtikBICUEQ6RTSw8MeKkbKTSC9sbz+O3y3rMUAsKrKHFWpmSbCzRuq6IbANLhrzhlWtCg==
[2023-04-09T21:42:22.102] [DEBUG] cheese - admin
[2023-04-09T21:42:22.103] [DEBUG] cheese - null
[2023-04-09T21:42:22.104] [DEBUG] cheese - null
[2023-04-09T21:43:37.636] [DEBUG] cheese - login => username:admin,password:123456
[2023-04-09T21:43:37.636] [DEBUG] cheese - admin
[2023-04-09T21:43:37.637] [DEBUG] cheese - null
[2023-04-09T21:43:37.637] [DEBUG] cheese - null
[2023-04-09T21:45:41.264] [DEBUG] cheese - login => username:admin,password:yxQxMxjjSi8fdje0ex+PkrN3RDwIMCHi6D0PhIaobRCOnhQGKhkonXKG8gOURAhT95opUj8oaVt5A9DYyBRMJw==
[2023-04-09T21:45:41.264] [DEBUG] cheese - admin
[2023-04-09T21:45:41.264] [DEBUG] cheese - null
[2023-04-09T21:45:41.264] [DEBUG] cheese - null
[2023-04-09T21:45:56.705] [DEBUG] cheese - login => username:admin,password:123456
[2023-04-09T21:45:56.705] [DEBUG] cheese - admin
[2023-04-09T21:45:56.707] [DEBUG] cheese - null
[2023-04-09T21:45:56.707] [DEBUG] cheese - null
[2023-04-09T21:46:07.177] [DEBUG] cheese - login => username:admin,password:123456
[2023-04-09T21:46:07.177] [DEBUG] cheese - admin
[2023-04-09T21:46:07.179] [DEBUG] cheese - null
[2023-04-09T21:46:07.179] [DEBUG] cheese - null
[2023-04-09T21:46:11.687] [DEBUG] cheese - login => username:admin,password:123456
[2023-04-09T21:46:11.687] [DEBUG] cheese - admin
[2023-04-09T21:46:11.688] [DEBUG] cheese - null
[2023-04-09T21:46:11.688] [DEBUG] cheese - null
[2023-04-09T21:46:12.889] [DEBUG] cheese - login => username:admin,password:123456
[2023-04-09T21:46:12.889] [DEBUG] cheese - admin
[2023-04-09T21:46:12.892] [DEBUG] cheese - null
[2023-04-09T21:46:12.892] [DEBUG] cheese - null
[2023-04-09T21:46:21.138] [DEBUG] cheese - login => username:admin,password:123456
[2023-04-09T21:46:21.138] [DEBUG] cheese - admin
[2023-04-09T21:46:21.140] [DEBUG] cheese - null
[2023-04-09T21:46:21.140] [DEBUG] cheese - null
[2023-04-09T21:46:37.631] [DEBUG] cheese - login => username:admin,password:123456
[2023-04-09T21:46:37.631] [DEBUG] cheese - admin
[2023-04-09T21:46:37.633] [DEBUG] cheese - null
[2023-04-09T21:46:37.633] [DEBUG] cheese - null
[2023-04-09T21:46:38.700] [DEBUG] cheese - login => username:admin,password:123456
[2023-04-09T21:46:38.700] [DEBUG] cheese - admin
[2023-04-09T21:46:38.702] [DEBUG] cheese - null
[2023-04-09T21:46:38.702] [DEBUG] cheese - null
[2023-04-09T21:46:39.544] [DEBUG] cheese - login => username:admin,password:123456
[2023-04-09T21:46:39.544] [DEBUG] cheese - admin
[2023-04-09T21:46:39.545] [DEBUG] cheese - null
[2023-04-09T21:46:39.545] [DEBUG] cheese - null
[2023-04-09T21:47:05.072] [DEBUG] cheese - login => username:admin55,password:123456
[2023-04-09T21:47:05.072] [DEBUG] cheese - admin55
[2023-04-09T21:47:05.073] [DEBUG] cheese - null
[2023-04-09T21:47:05.073] [DEBUG] cheese - null
[2023-04-09T21:47:13.411] [DEBUG] cheese - login => username:admin,password:123456555
[2023-04-09T21:47:13.411] [DEBUG] cheese - admin
[2023-04-09T21:47:13.413] [DEBUG] cheese - null
[2023-04-09T21:47:13.413] [DEBUG] cheese - null
[2023-04-09T21:48:45.311] [DEBUG] cheese - login => username:admin,password:BKgfFcZ7DS3sytCGkqCTvVJd+hjel2Ijk3PY04JQl6v6ZtVPaUCXed6GlD/McJ0VqLEEtFuSviiLvRHiYBVTsA==
[2023-04-09T21:48:45.312] [DEBUG] cheese - admin
[2023-04-09T21:48:45.315] [DEBUG] cheese - null
[2023-04-09T21:48:45.315] [DEBUG] cheese - null
[2023-04-09T21:48:50.415] [DEBUG] cheese - login => username:admin,password:FIErw7NQFj4N7AaBOuE7RlwyR+YH+beAn7JbWoTIQ9CUd+316n+SHjuy5ea+ycLTErAAyBCeXdToetloZIpgBw==
[2023-04-09T21:48:50.415] [DEBUG] cheese - admin
[2023-04-09T21:48:50.415] [DEBUG] cheese - null
[2023-04-09T21:48:50.415] [DEBUG] cheese - null
[2023-04-09T21:50:22.954] [DEBUG] cheese - login => username:admin,password:xiGZimqVz/JwMHxGzYuSrsEzOtB3wjIYobWNgaqIaLhniiz/h/CRwLJOTY7YyYYBYtL16vsfzUMzLGCpqL3pJw==
[2023-04-09T21:50:22.954] [DEBUG] cheese - admin
[2023-04-09T21:50:22.956] [DEBUG] cheese - null
[2023-04-09T21:50:22.957] [DEBUG] cheese - null
[2023-04-09T21:50:32.090] [DEBUG] cheese - login => username:admin,password:y1jZ7nGqkOP7T11rORu8gprSQ4NEBc4bF8K1Om73+6bWfS69Q3guVBBs7z8Cs34cuQdLTpCbP5MbbCcIQahkKA==
[2023-04-09T21:50:32.090] [DEBUG] cheese - admin
[2023-04-09T21:50:32.092] [DEBUG] cheese - null
[2023-04-09T21:50:32.092] [DEBUG] cheese - null
[2023-04-09T21:51:12.596] [DEBUG] cheese - login => username:admin,password:APUQhfvXV0fM8HNX/wyBJ5SEl8BFkx4FflwMl5FN8U5JWFTQziaqn97NaEaFUHTRCgc4P+J3XwL9yAM3Zit47g==
[2023-04-09T21:51:12.596] [DEBUG] cheese - admin
[2023-04-09T21:51:12.598] [DEBUG] cheese - null
[2023-04-09T21:51:12.598] [DEBUG] cheese - null
[2023-04-09T21:51:19.602] [DEBUG] cheese - login => username:admin,password:123456
[2023-04-09T21:51:19.602] [DEBUG] cheese - admin
[2023-04-09T21:51:19.604] [DEBUG] cheese - null
[2023-04-09T21:51:19.604] [DEBUG] cheese - null
[2023-04-09T21:52:18.583] [DEBUG] cheese - login => username:admin,password:123456
[2023-04-09T21:52:18.583] [DEBUG] cheese - admin
[2023-04-09T21:52:18.585] [DEBUG] cheese - null
[2023-04-09T21:52:18.585] [DEBUG] cheese - null
[2023-04-10T17:30:48.632] [DEBUG] cheese - login => username:admin,password:123456
[2023-04-10T17:30:48.633] [DEBUG] cheese - admin
[2023-04-10T17:30:48.867] [DEBUG] cheese - null
[2023-04-10T17:30:48.868] [DEBUG] cheese - null
[2023-04-10T17:33:43.931] [DEBUG] cheese - login => username:admin,password:123456
[2023-04-10T17:33:43.931] [DEBUG] cheese - admin
[2023-04-10T17:33:43.937] [DEBUG] cheese - null
[2023-04-10T17:33:43.937] [DEBUG] cheese - null
[2023-04-10T17:34:56.181] [DEBUG] cheese - login => username:admin,password:123456
[2023-04-10T17:34:56.181] [DEBUG] cheese - admin
[2023-04-10T17:34:56.185] [DEBUG] cheese - null
[2023-04-10T17:34:56.185] [DEBUG] cheese - null
[2023-04-10T17:38:24.552] [DEBUG] cheese - login => username:admin,password:123456
[2023-04-10T17:38:24.552] [DEBUG] cheese - admin
[2023-04-10T17:38:24.558] [DEBUG] cheese - null
[2023-04-10T17:38:24.558] [DEBUG] cheese - null
[2023-04-10T17:38:54.100] [DEBUG] cheese - login => username:admin,password:123456
[2023-04-10T17:38:54.100] [DEBUG] cheese - admin
[2023-04-10T17:38:54.102] [DEBUG] cheese - null
[2023-04-10T17:38:54.102] [DEBUG] cheese - null
[2023-04-10T17:41:49.994] [DEBUG] cheese - login => username:admin,password:123456
[2023-04-10T17:41:49.995] [DEBUG] cheese - admin
[2023-04-10T17:41:50.001] [DEBUG] cheese - null
[2023-04-10T17:41:50.001] [DEBUG] cheese - null
[2023-04-10T18:10:01.213] [DEBUG] cheese - login => username:admin,password:123456
[2023-04-10T18:10:01.213] [DEBUG] cheese - admin
[2023-04-10T18:10:01.218] [DEBUG] cheese - null
[2023-04-10T18:10:01.218] [DEBUG] cheese - null
[2023-04-10T18:10:13.762] [DEBUG] cheese - login => username:admin,password:123456
[2023-04-10T18:10:13.762] [DEBUG] cheese - admin
[2023-04-10T18:10:13.765] [DEBUG] cheese - null
[2023-04-10T18:10:13.765] [DEBUG] cheese - null
[2023-04-10T18:10:25.312] [DEBUG] cheese - login => username:admin,password:123456
[2023-04-10T18:10:25.312] [DEBUG] cheese - admin
[2023-04-10T18:10:25.312] [DEBUG] cheese - null
[2023-04-10T18:10:25.312] [DEBUG] cheese - null
[2023-04-10T18:10:31.744] [DEBUG] cheese - login => username:admin,password:123456
[2023-04-10T18:10:31.744] [DEBUG] cheese - admin
[2023-04-10T18:10:31.744] [DEBUG] cheese - null
[2023-04-10T18:10:31.744] [DEBUG] cheese - null
[2023-04-10T18:12:09.348] [DEBUG] cheese - login => username:admin,password:123456
[2023-04-10T18:12:09.348] [DEBUG] cheese - admin
[2023-04-10T18:12:09.348] [DEBUG] cheese - null
[2023-04-10T18:12:09.348] [DEBUG] cheese - null
[2023-04-10T18:12:11.371] [DEBUG] cheese - login => username:admin,password:123456
[2023-04-10T18:12:11.371] [DEBUG] cheese - admin
[2023-04-10T18:12:11.372] [DEBUG] cheese - null
[2023-04-10T18:12:11.373] [DEBUG] cheese - null
[2023-04-10T18:12:30.232] [DEBUG] cheese - login => username:admin,password:123456
[2023-04-10T18:12:30.232] [DEBUG] cheese - admin
[2023-04-10T18:12:30.234] [DEBUG] cheese - null
[2023-04-10T18:12:30.234] [DEBUG] cheese - null
[2023-04-10T18:13:05.216] [DEBUG] cheese - login => username:admin,password:123456
[2023-04-10T18:13:05.216] [DEBUG] cheese - admin
[2023-04-10T18:13:05.219] [DEBUG] cheese - null
[2023-04-10T18:13:05.219] [DEBUG] cheese - null
[2023-04-10T18:13:09.699] [DEBUG] cheese - login => username:admin,password:123456
[2023-04-10T18:13:09.699] [DEBUG] cheese - admin
[2023-04-10T18:13:09.701] [DEBUG] cheese - null
[2023-04-10T18:13:09.701] [DEBUG] cheese - null
[2023-04-10T18:13:11.664] [DEBUG] cheese - login => username:admin,password:123456
[2023-04-10T18:13:11.664] [DEBUG] cheese - admin
[2023-04-10T18:13:11.666] [DEBUG] cheese - null
[2023-04-10T18:13:11.666] [DEBUG] cheese - null
[2023-04-10T18:14:51.742] [DEBUG] cheese - login => username:admin,password:123456
[2023-04-10T18:14:51.742] [DEBUG] cheese - admin
[2023-04-10T18:14:51.743] [DEBUG] cheese - null
[2023-04-10T18:14:51.744] [DEBUG] cheese - null
[2023-04-10T18:35:11.728] [DEBUG] cheese - login => username:admin,password:123456
[2023-04-10T18:35:11.728] [DEBUG] cheese - admin
[2023-04-10T18:35:11.734] [DEBUG] cheese - null
[2023-04-10T18:35:11.734] [DEBUG] cheese - null
[2023-04-10T19:09:02.344] [DEBUG] cheese - login => username:admin,password:123456
[2023-04-10T19:09:02.344] [DEBUG] cheese - admin
[2023-04-10T19:09:02.350] [DEBUG] cheese - null
[2023-04-10T19:09:02.350] [DEBUG] cheese - null
[2023-04-10T19:09:11.768] [DEBUG] cheese - login => username:admin,password:123456
[2023-04-10T19:09:11.769] [DEBUG] cheese - admin
[2023-04-10T19:09:11.770] [DEBUG] cheese - null
[2023-04-10T19:09:11.770] [DEBUG] cheese - null
[2023-04-10T19:09:14.312] [DEBUG] cheese - login => username:admin,password:123456
[2023-04-10T19:09:14.313] [DEBUG] cheese - admin
[2023-04-10T19:09:14.315] [DEBUG] cheese - null
[2023-04-10T19:09:14.315] [DEBUG] cheese - null
[2023-04-10T19:09:28.854] [DEBUG] cheese - login => username:admin,password:123456
[2023-04-10T19:09:28.855] [DEBUG] cheese - admin
[2023-04-10T19:09:28.857] [DEBUG] cheese - null
[2023-04-10T19:09:28.857] [DEBUG] cheese - null
[2023-04-10T19:11:47.392] [DEBUG] cheese - login => username:admin,password:123456
[2023-04-10T19:11:47.392] [DEBUG] cheese - admin
[2023-04-10T19:11:47.399] [DEBUG] cheese - null
[2023-04-10T19:11:47.399] [DEBUG] cheese - null
[2023-04-10T19:12:26.918] [DEBUG] cheese - login => username:admin,password:123456
[2023-04-10T19:12:26.918] [DEBUG] cheese - admin
[2023-04-10T19:12:26.919] [DEBUG] cheese - null
[2023-04-10T19:12:26.920] [DEBUG] cheese - null
[2023-04-10T19:16:18.167] [DEBUG] cheese - login => username:admin,password:123456
[2023-04-10T19:16:18.167] [DEBUG] cheese - admin
[2023-04-10T19:16:18.172] [DEBUG] cheese - null
[2023-04-10T19:16:18.172] [DEBUG] cheese - null
[2023-04-10T19:16:28.390] [DEBUG] cheese - login => username:admin,password:123456
[2023-04-10T19:16:28.390] [DEBUG] cheese - admin
[2023-04-10T19:16:28.395] [DEBUG] cheese - null
[2023-04-10T19:16:28.395] [DEBUG] cheese - null
[2023-04-10T19:16:32.012] [DEBUG] cheese - login => username:admin,password:123456
[2023-04-10T19:16:32.012] [DEBUG] cheese - admin
[2023-04-10T19:16:32.014] [DEBUG] cheese - null
[2023-04-10T19:16:32.014] [DEBUG] cheese - null
[2023-04-10T19:16:33.598] [DEBUG] cheese - login => username:admin,password:123456
[2023-04-10T19:16:33.598] [DEBUG] cheese - admin
[2023-04-10T19:16:33.598] [DEBUG] cheese - null
[2023-04-10T19:16:33.598] [DEBUG] cheese - null
[2023-04-10T19:16:39.938] [DEBUG] cheese - login => username:admin,password:123456
[2023-04-10T19:16:39.938] [DEBUG] cheese - admin
[2023-04-10T19:16:39.944] [DEBUG] cheese - null
[2023-04-10T19:16:39.944] [DEBUG] cheese - null
[2023-04-10T19:16:53.954] [DEBUG] cheese - login => username:admin,password:123456
[2023-04-10T19:16:53.954] [DEBUG] cheese - admin
[2023-04-10T19:16:53.954] [DEBUG] cheese - null
[2023-04-10T19:16:53.954] [DEBUG] cheese - null
[2023-04-10T19:17:16.847] [DEBUG] cheese - login => username:admin,password:123456
[2023-04-10T19:17:16.847] [DEBUG] cheese - admin
[2023-04-10T19:17:16.849] [DEBUG] cheese - null
[2023-04-10T19:17:16.849] [DEBUG] cheese - null
[2023-04-10T19:17:18.206] [DEBUG] cheese - login => username:admin,password:123456
[2023-04-10T19:17:18.206] [DEBUG] cheese - admin
[2023-04-10T19:17:18.207] [DEBUG] cheese - null
[2023-04-10T19:17:18.207] [DEBUG] cheese - null
[2023-04-10T19:17:23.059] [DEBUG] cheese - login => username:admin1,password:123456
[2023-04-10T19:17:23.060] [DEBUG] cheese - admin1
[2023-04-10T19:17:23.062] [DEBUG] cheese - null
[2023-04-10T19:17:23.062] [DEBUG] cheese - null
[2023-04-10T19:17:26.285] [DEBUG] cheese - login => username:admin1,password:123456
[2023-04-10T19:17:26.285] [DEBUG] cheese - admin1
[2023-04-10T19:17:26.287] [DEBUG] cheese - null
[2023-04-10T19:17:26.287] [DEBUG] cheese - null
[2023-04-10T19:17:32.787] [DEBUG] cheese - login => username:admin,password:123456
[2023-04-10T19:17:32.787] [DEBUG] cheese - admin
[2023-04-10T19:17:32.789] [DEBUG] cheese - null
[2023-04-10T19:17:32.789] [DEBUG] cheese - null
[2023-04-10T19:17:34.969] [DEBUG] cheese - login => username:admin,password:123456
[2023-04-10T19:17:34.969] [DEBUG] cheese - admin
[2023-04-10T19:17:34.971] [DEBUG] cheese - null
[2023-04-10T19:17:34.971] [DEBUG] cheese - null
[2023-04-10T19:21:25.750] [DEBUG] cheese - login => username:admin,password:123456
[2023-04-10T19:21:25.750] [DEBUG] cheese - admin
[2023-04-10T19:21:25.757] [DEBUG] cheese - null
[2023-04-10T19:21:25.757] [DEBUG] cheese - null
[2023-04-10T19:21:29.107] [DEBUG] cheese - login => username:admin,password:123456
[2023-04-10T19:21:29.107] [DEBUG] cheese - admin
[2023-04-10T19:21:29.110] [DEBUG] cheese - null
[2023-04-10T19:21:29.110] [DEBUG] cheese - null
[2023-04-10T19:22:07.095] [DEBUG] cheese - login => username:admin,password:123456
[2023-04-10T19:22:07.095] [DEBUG] cheese - admin
[2023-04-10T19:22:07.096] [DEBUG] cheese - null
[2023-04-10T19:22:07.096] [DEBUG] cheese - null
[2023-04-10T19:22:16.842] [DEBUG] cheese - login => username:admin,password:123456
[2023-04-10T19:22:16.843] [DEBUG] cheese - admin
[2023-04-10T19:22:16.844] [DEBUG] cheese - null
[2023-04-10T19:22:16.844] [DEBUG] cheese - null
[2023-04-10T19:22:19.504] [DEBUG] cheese - login => username:admin,password:123456
[2023-04-10T19:22:19.504] [DEBUG] cheese - admin
[2023-04-10T19:22:19.506] [DEBUG] cheese - null
[2023-04-10T19:22:19.506] [DEBUG] cheese - null
[2023-04-10T19:22:23.187] [DEBUG] cheese - login => username:admin,password:123456
[2023-04-10T19:22:23.187] [DEBUG] cheese - admin
[2023-04-10T19:22:23.188] [DEBUG] cheese - null
[2023-04-10T19:22:23.188] [DEBUG] cheese - null
[2023-04-10T19:28:01.705] [DEBUG] cheese - login => username:admin,password:123456
[2023-04-10T19:28:01.705] [DEBUG] cheese - admin
[2023-04-10T19:28:01.712] [DEBUG] cheese - null
[2023-04-10T19:28:01.712] [DEBUG] cheese - null
[2023-04-10T19:28:03.369] [DEBUG] cheese - login => username:admin,password:123456
[2023-04-10T19:28:03.369] [DEBUG] cheese - admin
[2023-04-10T19:28:03.371] [DEBUG] cheese - null
[2023-04-10T19:28:03.371] [DEBUG] cheese - null
[2023-04-10T19:28:07.444] [DEBUG] cheese - login => username:admin,password:123456
[2023-04-10T19:28:07.444] [DEBUG] cheese - admin
[2023-04-10T19:28:07.446] [DEBUG] cheese - null
[2023-04-10T19:28:07.446] [DEBUG] cheese - null
[2023-04-10T19:28:08.374] [DEBUG] cheese - login => username:admin,password:123456
[2023-04-10T19:28:08.374] [DEBUG] cheese - admin
[2023-04-10T19:28:08.375] [DEBUG] cheese - null
[2023-04-10T19:28:08.375] [DEBUG] cheese - null
[2023-04-10T19:28:14.509] [DEBUG] cheese - login => username:admin,password:123456
[2023-04-10T19:28:14.509] [DEBUG] cheese - admin
[2023-04-10T19:28:14.511] [DEBUG] cheese - null
[2023-04-10T19:28:14.511] [DEBUG] cheese - null
[2023-04-10T19:28:52.038] [DEBUG] cheese - login => username:admin,password:123456
[2023-04-10T19:28:52.038] [DEBUG] cheese - admin
[2023-04-10T19:28:52.041] [DEBUG] cheese - null
[2023-04-10T19:28:52.041] [DEBUG] cheese - null
[2023-04-10T19:30:48.458] [DEBUG] cheese - login => username:admin,password:123456
[2023-04-10T19:30:48.458] [DEBUG] cheese - admin
[2023-04-10T19:30:48.459] [DEBUG] cheese - null
[2023-04-10T19:30:48.459] [DEBUG] cheese - null
[2023-04-10T19:30:50.411] [DEBUG] cheese - login => username:admin,password:123456
[2023-04-10T19:30:50.411] [DEBUG] cheese - admin
[2023-04-10T19:30:50.414] [DEBUG] cheese - null
[2023-04-10T19:30:50.414] [DEBUG] cheese - null
[2023-04-10T19:30:52.275] [DEBUG] cheese - login => username:admin,password:123456
[2023-04-10T19:30:52.275] [DEBUG] cheese - admin
[2023-04-10T19:30:52.276] [DEBUG] cheese - null
[2023-04-10T19:30:52.276] [DEBUG] cheese - null
[2023-04-10T19:31:00.448] [DEBUG] cheese - login => username:admin,password:123456
[2023-04-10T19:31:00.448] [DEBUG] cheese - admin
[2023-04-10T19:31:00.448] [DEBUG] cheese - null
[2023-04-10T19:31:00.448] [DEBUG] cheese - null
[2023-04-10T19:31:01.782] [DEBUG] cheese - login => username:admin,password:123456
[2023-04-10T19:31:01.782] [DEBUG] cheese - admin
[2023-04-10T19:31:01.783] [DEBUG] cheese - null
[2023-04-10T19:31:01.783] [DEBUG] cheese - null
[2023-04-10T19:32:54.932] [DEBUG] cheese - login => username:admin,password:123456
[2023-04-10T19:32:54.932] [DEBUG] cheese - admin
[2023-04-10T19:32:54.933] [DEBUG] cheese - null
[2023-04-10T19:32:54.934] [DEBUG] cheese - null
[2023-04-10T19:32:58.353] [DEBUG] cheese - login => username:admin,password:123456
[2023-04-10T19:32:58.353] [DEBUG] cheese - admin
[2023-04-10T19:32:58.355] [DEBUG] cheese - null
[2023-04-10T19:32:58.355] [DEBUG] cheese - null
[2023-04-10T19:33:04.293] [DEBUG] cheese - login => username:admin,password:123456
[2023-04-10T19:33:04.293] [DEBUG] cheese - admin
[2023-04-10T19:33:04.298] [DEBUG] cheese - null
[2023-04-10T19:33:04.298] [DEBUG] cheese - null
[2023-04-10T19:33:06.132] [DEBUG] cheese - login => username:admin,password:123456
[2023-04-10T19:33:06.132] [DEBUG] cheese - admin
[2023-04-10T19:33:06.135] [DEBUG] cheese - null
[2023-04-10T19:33:06.135] [DEBUG] cheese - null
[2023-04-10T19:33:48.376] [DEBUG] cheese - login => username:admin,password:123456
[2023-04-10T19:33:48.376] [DEBUG] cheese - admin
[2023-04-10T19:33:48.383] [DEBUG] cheese - null
[2023-04-10T19:33:48.383] [DEBUG] cheese - null
[2023-04-10T19:34:05.619] [DEBUG] cheese - login => username:admin,password:123456
[2023-04-10T19:34:05.619] [DEBUG] cheese - admin
[2023-04-10T19:34:05.621] [DEBUG] cheese - null
[2023-04-10T19:34:05.621] [DEBUG] cheese - null
[2023-04-10T19:34:06.764] [DEBUG] cheese - login => username:admin,password:123456
[2023-04-10T19:34:06.764] [DEBUG] cheese - admin
[2023-04-10T19:34:06.766] [DEBUG] cheese - null
[2023-04-10T19:34:06.766] [DEBUG] cheese - null
[2023-04-10T19:34:09.673] [DEBUG] cheese - login => username:admin,password:123456
[2023-04-10T19:34:09.673] [DEBUG] cheese - admin
[2023-04-10T19:34:09.675] [DEBUG] cheese - null
[2023-04-10T19:34:09.675] [DEBUG] cheese - null
[2023-04-10T19:34:10.743] [DEBUG] cheese - login => username:admin,password:123456
[2023-04-10T19:34:10.744] [DEBUG] cheese - admin
[2023-04-10T19:34:10.745] [DEBUG] cheese - null
[2023-04-10T19:34:10.745] [DEBUG] cheese - null
[2023-04-10T19:34:20.827] [DEBUG] cheese - login => username:admin,password:123456
[2023-04-10T19:34:20.827] [DEBUG] cheese - admin
[2023-04-10T19:34:20.828] [DEBUG] cheese - null
[2023-04-10T19:34:20.828] [DEBUG] cheese - null
[2023-04-10T19:34:26.011] [DEBUG] cheese - login => username:admin2,password:123456
[2023-04-10T19:34:26.011] [DEBUG] cheese - admin2
[2023-04-10T19:34:26.013] [DEBUG] cheese - null
[2023-04-10T19:34:26.013] [DEBUG] cheese - null
[2023-04-10T19:34:27.275] [DEBUG] cheese - login => username:admin2,password:123456
[2023-04-10T19:34:27.275] [DEBUG] cheese - admin2
[2023-04-10T19:34:27.276] [DEBUG] cheese - null
[2023-04-10T19:34:27.276] [DEBUG] cheese - null
[2023-04-10T19:34:31.769] [DEBUG] cheese - login => username:admin,password:123456
[2023-04-10T19:34:31.769] [DEBUG] cheese - admin
[2023-04-10T19:34:31.770] [DEBUG] cheese - null
[2023-04-10T19:34:31.770] [DEBUG] cheese - null
[2023-04-10T19:34:33.728] [DEBUG] cheese - login => username:admin,password:123456
[2023-04-10T19:34:33.729] [DEBUG] cheese - admin
[2023-04-10T19:34:33.730] [DEBUG] cheese - null
[2023-04-10T19:34:33.730] [DEBUG] cheese - null
[2023-04-10T19:34:34.906] [DEBUG] cheese - login => username:admin,password:123456
[2023-04-10T19:34:34.906] [DEBUG] cheese - admin
[2023-04-10T19:34:34.908] [DEBUG] cheese - null
[2023-04-10T19:34:34.908] [DEBUG] cheese - null
[2023-04-10T19:34:37.232] [DEBUG] cheese - login => username:admin,password:123456
[2023-04-10T19:34:37.232] [DEBUG] cheese - admin
[2023-04-10T19:34:37.234] [DEBUG] cheese - null
[2023-04-10T19:34:37.234] [DEBUG] cheese - null
[2023-04-10T19:35:17.367] [DEBUG] cheese - login => username:admin,password:123456
[2023-04-10T19:35:17.367] [DEBUG] cheese - admin
[2023-04-10T19:35:17.369] [DEBUG] cheese - null
[2023-04-10T19:35:17.369] [DEBUG] cheese - null
[2023-04-10T19:35:18.367] [DEBUG] cheese - login => username:admin,password:123456
[2023-04-10T19:35:18.368] [DEBUG] cheese - admin
[2023-04-10T19:35:18.369] [DEBUG] cheese - null
[2023-04-10T19:35:18.369] [DEBUG] cheese - null
[2023-04-10T19:35:21.569] [DEBUG] cheese - login => username:admin,password:123456
[2023-04-10T19:35:21.569] [DEBUG] cheese - admin
[2023-04-10T19:35:21.571] [DEBUG] cheese - null
[2023-04-10T19:35:21.571] [DEBUG] cheese - null
[2023-04-10T19:35:22.451] [DEBUG] cheese - login => username:admin,password:123456
[2023-04-10T19:35:22.451] [DEBUG] cheese - admin
[2023-04-10T19:35:22.452] [DEBUG] cheese - null
[2023-04-10T19:35:22.453] [DEBUG] cheese - null
[2023-04-10T19:35:24.466] [DEBUG] cheese - login => username:admin,password:123456
[2023-04-10T19:35:24.466] [DEBUG] cheese - admin
[2023-04-10T19:35:24.467] [DEBUG] cheese - null
[2023-04-10T19:35:24.467] [DEBUG] cheese - null
[2023-04-10T19:35:37.300] [DEBUG] cheese - login => username:admin2,password:123456
[2023-04-10T19:35:37.300] [DEBUG] cheese - admin2
[2023-04-10T19:35:37.302] [DEBUG] cheese - null
[2023-04-10T19:35:37.302] [DEBUG] cheese - null
[2023-04-10T19:35:41.412] [DEBUG] cheese - login => username:admin,password:123456
[2023-04-10T19:35:41.412] [DEBUG] cheese - admin
[2023-04-10T19:35:41.414] [DEBUG] cheese - null
[2023-04-10T19:35:41.414] [DEBUG] cheese - null
[2023-04-10T19:35:42.619] [DEBUG] cheese - login => username:admin,password:123456
[2023-04-10T19:35:42.619] [DEBUG] cheese - admin
[2023-04-10T19:35:42.621] [DEBUG] cheese - null
[2023-04-10T19:35:42.621] [DEBUG] cheese - null
[2023-04-10T19:35:43.178] [DEBUG] cheese - login => username:admin,password:123456
[2023-04-10T19:35:43.178] [DEBUG] cheese - admin
[2023-04-10T19:35:43.179] [DEBUG] cheese - null
[2023-04-10T19:35:43.179] [DEBUG] cheese - null
[2023-04-10T19:37:32.395] [DEBUG] cheese - login => username:admin,password:123456
[2023-04-10T19:37:32.395] [DEBUG] cheese - admin
[2023-04-10T19:37:32.397] [DEBUG] cheese - null
[2023-04-10T19:37:32.397] [DEBUG] cheese - null
[2023-04-10T19:37:33.255] [DEBUG] cheese - login => username:admin,password:123456
[2023-04-10T19:37:33.255] [DEBUG] cheese - admin
[2023-04-10T19:37:33.256] [DEBUG] cheese - null
[2023-04-10T19:37:33.256] [DEBUG] cheese - null
[2023-04-10T19:37:35.660] [DEBUG] cheese - login => username:admin,password:123456
[2023-04-10T19:37:35.660] [DEBUG] cheese - admin
[2023-04-10T19:37:35.664] [DEBUG] cheese - null
[2023-04-10T19:37:35.664] [DEBUG] cheese - null
[2023-04-10T19:38:26.508] [DEBUG] cheese - login => username:admin,password:123456
[2023-04-10T19:38:26.508] [DEBUG] cheese - admin
[2023-04-10T19:38:26.510] [DEBUG] cheese - null
[2023-04-10T19:38:26.511] [DEBUG] cheese - null
[2023-04-10T19:38:28.421] [DEBUG] cheese - login => username:admin,password:123456
[2023-04-10T19:38:28.421] [DEBUG] cheese - admin
[2023-04-10T19:38:28.423] [DEBUG] cheese - null
[2023-04-10T19:38:28.423] [DEBUG] cheese - null
[2023-04-10T19:38:29.221] [DEBUG] cheese - login => username:admin,password:123456
[2023-04-10T19:38:29.221] [DEBUG] cheese - admin
[2023-04-10T19:38:29.223] [DEBUG] cheese - null
[2023-04-10T19:38:29.223] [DEBUG] cheese - null
[2023-04-10T19:38:30.039] [DEBUG] cheese - login => username:admin,password:123456
[2023-04-10T19:38:30.039] [DEBUG] cheese - admin
[2023-04-10T19:38:30.041] [DEBUG] cheese - null
[2023-04-10T19:38:30.041] [DEBUG] cheese - null
[2023-04-10T19:38:50.298] [DEBUG] cheese - login => username:admin,password:123456
[2023-04-10T19:38:50.298] [DEBUG] cheese - admin
[2023-04-10T19:38:50.301] [DEBUG] cheese - null
[2023-04-10T19:38:50.301] [DEBUG] cheese - null
[2023-04-10T19:38:53.342] [DEBUG] cheese - login => username:admin,password:123456
[2023-04-10T19:38:53.342] [DEBUG] cheese - admin
[2023-04-10T19:38:53.344] [DEBUG] cheese - null
[2023-04-10T19:38:53.344] [DEBUG] cheese - null
[2023-04-10T19:38:54.113] [DEBUG] cheese - login => username:admin,password:123456
[2023-04-10T19:38:54.113] [DEBUG] cheese - admin
[2023-04-10T19:38:54.114] [DEBUG] cheese - null
[2023-04-10T19:38:54.114] [DEBUG] cheese - null
[2023-04-10T19:38:54.744] [DEBUG] cheese - login => username:admin,password:123456
[2023-04-10T19:38:54.744] [DEBUG] cheese - admin
[2023-04-10T19:38:54.746] [DEBUG] cheese - null
[2023-04-10T19:38:54.746] [DEBUG] cheese - null
[2023-04-10T19:39:39.187] [DEBUG] cheese - login => username:admin,password:123456
[2023-04-10T19:39:39.187] [DEBUG] cheese - admin
[2023-04-10T19:39:39.187] [DEBUG] cheese - null
[2023-04-10T19:39:39.187] [DEBUG] cheese - null
[2023-04-10T19:39:46.464] [DEBUG] cheese - login => username:admin,password:123456
[2023-04-10T19:39:46.464] [DEBUG] cheese - admin
[2023-04-10T19:39:46.464] [DEBUG] cheese - null
[2023-04-10T19:39:46.464] [DEBUG] cheese - null
[2023-04-10T19:42:39.011] [DEBUG] cheese - login => username:admin,password:123456
[2023-04-10T19:42:39.012] [DEBUG] cheese - admin
[2023-04-10T19:42:39.017] [DEBUG] cheese - null
[2023-04-10T19:42:39.017] [DEBUG] cheese - null
[2023-04-10T19:42:43.119] [DEBUG] cheese - login => username:admin,password:123456
[2023-04-10T19:42:43.119] [DEBUG] cheese - admin
[2023-04-10T19:42:43.120] [DEBUG] cheese - null
[2023-04-10T19:42:43.120] [DEBUG] cheese - null
[2023-04-10T19:44:11.253] [DEBUG] cheese - login => username:admin,password:123456
[2023-04-10T19:44:11.254] [DEBUG] cheese - admin
[2023-04-10T19:44:11.255] [DEBUG] cheese - null
[2023-04-10T19:44:11.255] [DEBUG] cheese - null
[2023-04-10T19:44:15.047] [DEBUG] cheese - login => username:admin,password:123456
[2023-04-10T19:44:15.047] [DEBUG] cheese - admin
[2023-04-10T19:44:15.050] [DEBUG] cheese - null
[2023-04-10T19:44:15.050] [DEBUG] cheese - null
[2023-04-10T19:44:18.090] [DEBUG] cheese - login => username:admin,password:123456
[2023-04-10T19:44:18.090] [DEBUG] cheese - admin
[2023-04-10T19:44:18.093] [DEBUG] cheese - null
[2023-04-10T19:44:18.093] [DEBUG] cheese - null
[2023-04-10T19:44:21.688] [DEBUG] cheese - login => username:admin,password:123456
[2023-04-10T19:44:21.688] [DEBUG] cheese - admin
[2023-04-10T19:44:21.691] [DEBUG] cheese - null
[2023-04-10T19:44:21.691] [DEBUG] cheese - null
[2023-04-10T19:44:22.905] [DEBUG] cheese - login => username:admin,password:123456
[2023-04-10T19:44:22.905] [DEBUG] cheese - admin
[2023-04-10T19:44:22.906] [DEBUG] cheese - null
[2023-04-10T19:44:22.907] [DEBUG] cheese - null
[2023-04-10T19:44:26.021] [DEBUG] cheese - login => username:admin,password:123456
[2023-04-10T19:44:26.021] [DEBUG] cheese - admin
[2023-04-10T19:44:26.023] [DEBUG] cheese - null
[2023-04-10T19:44:26.023] [DEBUG] cheese - null
[2023-04-10T19:45:06.336] [DEBUG] cheese - login => username:admin,password:123456
[2023-04-10T19:45:06.336] [DEBUG] cheese - admin
[2023-04-10T19:45:06.337] [DEBUG] cheese - null
[2023-04-10T19:45:06.337] [DEBUG] cheese - null
[2023-04-10T19:45:09.081] [DEBUG] cheese - login => username:admin,password:123456
[2023-04-10T19:45:09.081] [DEBUG] cheese - admin
[2023-04-10T19:45:09.083] [DEBUG] cheese - null
[2023-04-10T19:45:09.083] [DEBUG] cheese - null
[2023-04-10T19:45:09.863] [DEBUG] cheese - login => username:admin,password:123456
[2023-04-10T19:45:09.863] [DEBUG] cheese - admin
[2023-04-10T19:45:09.865] [DEBUG] cheese - null
[2023-04-10T19:45:09.865] [DEBUG] cheese - null
[2023-04-10T19:45:20.294] [DEBUG] cheese - login => username:admin,password:123456
[2023-04-10T19:45:20.294] [DEBUG] cheese - admin
[2023-04-10T19:45:20.294] [DEBUG] cheese - null
[2023-04-10T19:45:20.294] [DEBUG] cheese - null
[2023-04-10T19:52:12.686] [DEBUG] cheese - login => username:admin,password:123456
[2023-04-10T19:52:12.686] [DEBUG] cheese - admin
[2023-04-10T19:52:12.691] [DEBUG] cheese - null
[2023-04-10T19:52:12.691] [DEBUG] cheese - null
[2023-04-10T19:52:15.030] [DEBUG] cheese - login => username:admin,password:123456
[2023-04-10T19:52:15.030] [DEBUG] cheese - admin
[2023-04-10T19:52:15.030] [DEBUG] cheese - null
[2023-04-10T19:52:15.030] [DEBUG] cheese - null
[2023-04-10T19:52:18.189] [DEBUG] cheese - login => username:admin,password:123456
[2023-04-10T19:52:18.189] [DEBUG] cheese - admin
[2023-04-10T19:52:18.190] [DEBUG] cheese - null
[2023-04-10T19:52:18.190] [DEBUG] cheese - null
[2023-04-10T19:52:20.195] [DEBUG] cheese - login => username:admin,password:123456
[2023-04-10T19:52:20.195] [DEBUG] cheese - admin
[2023-04-10T19:52:20.196] [DEBUG] cheese - null
[2023-04-10T19:52:20.196] [DEBUG] cheese - null
[2023-04-10T19:52:33.415] [DEBUG] cheese - login => username:admin,password:123456
[2023-04-10T19:52:33.415] [DEBUG] cheese - admin
[2023-04-10T19:52:33.416] [DEBUG] cheese - null
[2023-04-10T19:52:33.416] [DEBUG] cheese - null
[2023-04-10T19:52:56.086] [DEBUG] cheese - login => username:admin,password:123456
[2023-04-10T19:52:56.087] [DEBUG] cheese - admin
[2023-04-10T19:52:56.088] [DEBUG] cheese - null
[2023-04-10T19:52:56.088] [DEBUG] cheese - null
[2023-04-10T19:52:58.324] [DEBUG] cheese - login => username:admin,password:123456
[2023-04-10T19:52:58.324] [DEBUG] cheese - admin
[2023-04-10T19:52:58.326] [DEBUG] cheese - null
[2023-04-10T19:52:58.326] [DEBUG] cheese - null
[2023-04-10T19:53:00.070] [DEBUG] cheese - login => username:admin,password:123456
[2023-04-10T19:53:00.070] [DEBUG] cheese - admin
[2023-04-10T19:53:00.071] [DEBUG] cheese - null
[2023-04-10T19:53:00.071] [DEBUG] cheese - null
[2023-04-10T19:54:28.743] [DEBUG] cheese - login => username:admin,password:123456
[2023-04-10T19:54:28.743] [DEBUG] cheese - admin
[2023-04-10T19:54:28.745] [DEBUG] cheese - null
[2023-04-10T19:54:28.745] [DEBUG] cheese - null
[2023-04-10T19:54:31.951] [DEBUG] cheese - login => username:admin,password:123456
[2023-04-10T19:54:31.952] [DEBUG] cheese - admin
[2023-04-10T19:54:31.953] [DEBUG] cheese - null
[2023-04-10T19:54:31.953] [DEBUG] cheese - null
[2023-04-10T19:54:34.180] [DEBUG] cheese - login => username:admin,password:123456
[2023-04-10T19:54:34.180] [DEBUG] cheese - admin
[2023-04-10T19:54:34.182] [DEBUG] cheese - null
[2023-04-10T19:54:34.182] [DEBUG] cheese - null
[2023-04-10T19:55:54.089] [DEBUG] cheese - login => username:admin,password:123456
[2023-04-10T19:55:54.089] [DEBUG] cheese - admin
[2023-04-10T19:55:54.092] [DEBUG] cheese - null
[2023-04-10T19:55:54.092] [DEBUG] cheese - null
[2023-04-10T19:55:55.737] [DEBUG] cheese - login => username:admin,password:123456
[2023-04-10T19:55:55.737] [DEBUG] cheese - admin
[2023-04-10T19:55:55.739] [DEBUG] cheese - null
[2023-04-10T19:55:55.739] [DEBUG] cheese - null
[2023-04-10T19:57:22.884] [DEBUG] cheese - login => username:admin,password:123456
[2023-04-10T19:57:22.884] [DEBUG] cheese - admin
[2023-04-10T19:57:22.886] [DEBUG] cheese - null
[2023-04-10T19:57:22.886] [DEBUG] cheese - null
[2023-04-10T20:11:02.035] [DEBUG] cheese - login => username:admin,password:123456
[2023-04-10T20:11:02.035] [DEBUG] cheese - admin
[2023-04-10T20:11:02.043] [DEBUG] cheese - null
[2023-04-10T20:11:02.043] [DEBUG] cheese - null
[2023-04-10T20:11:24.010] [DEBUG] cheese - login => username:admin,password:123456
[2023-04-10T20:11:24.010] [DEBUG] cheese - admin
[2023-04-10T20:11:24.012] [DEBUG] cheese - null
[2023-04-10T20:11:24.012] [DEBUG] cheese - null
[2023-04-10T20:14:24.636] [DEBUG] cheese - login => username:admin,password:123456
[2023-04-10T20:14:24.636] [DEBUG] cheese - admin
[2023-04-10T20:14:24.636] [DEBUG] cheese - null
[2023-04-10T20:14:24.636] [DEBUG] cheese - null
[2023-04-10T20:18:57.210] [DEBUG] cheese - login => username:admin,password:123456
[2023-04-10T20:18:57.210] [DEBUG] cheese - admin
[2023-04-10T20:18:57.215] [DEBUG] cheese - null
[2023-04-10T20:18:57.215] [DEBUG] cheese - null
[2023-04-10T20:18:59.227] [DEBUG] cheese - login => username:admin,password:123456
[2023-04-10T20:18:59.227] [DEBUG] cheese - admin
[2023-04-10T20:18:59.228] [DEBUG] cheese - null
[2023-04-10T20:18:59.228] [DEBUG] cheese - null
